#
# There is insufficient memory for the Java Runtime Environment to continue.
# Native memory allocation (malloc) failed to allocate 1048576 bytes for AllocateHeap
# Possible reasons:
#   The system is out of physical RAM or swap space
#   In 32 bit mode, the process size limit was hit
# Possible solutions:
#   Reduce memory load on the system
#   Increase physical memory or swap space
#   Check if swap backing store is full
#   Use 64 bit Java on a 64 bit OS
#   Decrease Java heap size (-Xmx/-Xms)
#   Decrease number of Java threads
#   Decrease Java thread stack sizes (-Xss)
#   Set larger code cache with -XX:ReservedCodeCacheSize=
# This output file may be truncated or incomplete.
#
#  Out of Memory Error (memory/allocation.inline.hpp:61), pid=22288, tid=30536
#
# JRE version:  (8.0_65-b17) (build )
# Java VM: Java HotSpot(TM) 64-Bit Server VM (25.65-b01 mixed mode windows-amd64 compressed oops)
# Failed to write core dump. Minidumps are not enabled by default on client versions of Windows
#

---------------  T H R E A D  ---------------

Current thread (0x0000000002c61000):  JavaThread "Unknown thread" [_thread_in_vm, id=30536, stack(0x0000000002a80000,0x0000000002b80000)]

Stack: [0x0000000002a80000,0x0000000002b80000]
[error occurred during error reporting (printing stack bounds), id 0xc0000005]

Native frames: (J=compiled Java code, j=interpreted, Vv=VM code, C=native code)


---------------  P R O C E S S  ---------------

Java Threads: ( => current thread )

Other Threads:

=>0x0000000002c61000 (exited) JavaThread "Unknown thread" [_thread_in_vm, id=30536, stack(0x0000000002a80000,0x0000000002b80000)]

VM state:not at safepoint (normal execution)

VM Mutex/Monitor currently owned by a thread: None

Heap:
 PSYoungGen      total 18944K, used 327K [0x00000000eab00000, 0x00000000ec000000, 0x0000000100000000)
  eden space 16384K, 2% used [0x00000000eab00000,0x00000000eab51ec8,0x00000000ebb00000)
  from space 2560K, 0% used [0x00000000ebd80000,0x00000000ebd80000,0x00000000ec000000)
  to   space 2560K, 0% used [0x00000000ebb00000,0x00000000ebb00000,0x00000000ebd80000)
 ParOldGen       total 44032K, used 0K [0x00000000c0000000, 0x00000000c2b00000, 0x00000000eab00000)
  object space 44032K, 0% used [0x00000000c0000000,0x00000000c0000000,0x00000000c2b00000)
 Metaspace       used 767K, capacity 4480K, committed 4480K, reserved 1056768K
  class space    used 75K, capacity 384K, committed 384K, reserved 1048576K

Card table byte_map: [0x0000000012200000,0x0000000012410000] byte_map_base: 0x0000000011c00000

Marking Bits: (ParMarkBitMap*) 0x000000006dfba5b0
 Begin Bits: [0x0000000012970000, 0x0000000013970000)
 End Bits:   [0x0000000013970000, 0x0000000014970000)

Polling page: 0x0000000001310000

CodeCache: size=245760Kb used=328Kb max_used=328Kb free=245431Kb
 bounds [0x0000000002e40000, 0x00000000030b0000, 0x0000000011e40000]
 total_blobs=57 nmethods=0 adapters=37
 compilation: enabled

Compilation events (0 events):
No events

GC Heap History (0 events):
No events

Deoptimization events (0 events):
No events

Internal exceptions (0 events):
No events

Events (10 events):
Event: 0.431 loading class java/lang/Short
Event: 0.431 loading class java/lang/Short done
Event: 0.431 loading class java/lang/Integer
Event: 0.432 loading class java/lang/Integer done
Event: 0.432 loading class java/lang/Long
Event: 0.432 loading class java/lang/Long done
Event: 0.433 loading class java/lang/NullPointerException
Event: 0.433 loading class java/lang/NullPointerException done
Event: 0.433 loading class java/lang/ArithmeticException
Event: 0.433 loading class java/lang/ArithmeticException done


Dynamic libraries:
0x00007ff6d79d0000 - 0x00007ff6d7a07000 	C:\Program Files\Java\jdk1.8.0_65\bin\java.exe
0x00007ffd5ce50000 - 0x00007ffd5d012000 	C:\WINDOWS\SYSTEM32\ntdll.dll
0x00007ffd5b010000 - 0x00007ffd5b0bd000 	C:\WINDOWS\system32\KERNEL32.DLL
0x00007ffd59ba0000 - 0x00007ffd59d7d000 	C:\WINDOWS\system32\KERNELBASE.dll
0x00007ffd5b130000 - 0x00007ffd5b1d6000 	C:\WINDOWS\system32\ADVAPI32.dll
0x00007ffd5b7b0000 - 0x00007ffd5b84d000 	C:\WINDOWS\system32\msvcrt.dll
0x00007ffd5cd80000 - 0x00007ffd5cddb000 	C:\WINDOWS\system32\sechost.dll
0x00007ffd5ad10000 - 0x00007ffd5ae36000 	C:\WINDOWS\system32\RPCRT4.dll
0x00007ffd5a840000 - 0x00007ffd5a98e000 	C:\WINDOWS\system32\USER32.dll
0x00007ffd5b540000 - 0x00007ffd5b6c6000 	C:\WINDOWS\system32\GDI32.dll
0x00007ffd58140000 - 0x00007ffd583b4000 	C:\WINDOWS\WinSxS\amd64_microsoft.windows.common-controls_6595b64144ccf1df_6.0.10240.16384_none_f41f7b285750ef43\COMCTL32.dll
0x00007ffd5a990000 - 0x00007ffd5a9c6000 	C:\WINDOWS\system32\IMM32.DLL
0x00007ffd5a6e0000 - 0x00007ffd5a83c000 	C:\WINDOWS\system32\MSCTF.dll
0x000000006d330000 - 0x000000006d402000 	C:\Program Files\Java\jdk1.8.0_65\jre\bin\msvcr100.dll
0x000000006d7b0000 - 0x000000006e039000 	C:\Program Files\Java\jdk1.8.0_65\jre\bin\server\jvm.dll
0x00007ffd5ad00000 - 0x00007ffd5ad08000 	C:\WINDOWS\system32\PSAPI.DLL
0x00007ffd51d30000 - 0x00007ffd51d39000 	C:\WINDOWS\SYSTEM32\WSOCK32.dll
0x00007ffd5cde0000 - 0x00007ffd5ce49000 	C:\WINDOWS\system32\WS2_32.dll
0x00007ffd5a6d0000 - 0x00007ffd5a6d8000 	C:\WINDOWS\system32\NSI.dll
0x00007ffd575a0000 - 0x00007ffd575c3000 	C:\WINDOWS\SYSTEM32\WINMM.dll
0x00007ffd57e80000 - 0x00007ffd57e8a000 	C:\WINDOWS\SYSTEM32\VERSION.dll
0x00007ffd57570000 - 0x00007ffd5759c000 	C:\WINDOWS\SYSTEM32\WINMMBASE.dll
0x00007ffd59920000 - 0x00007ffd59964000 	C:\WINDOWS\system32\cfgmgr32.dll
0x00007ffd595b0000 - 0x00007ffd595d7000 	C:\WINDOWS\SYSTEM32\DEVOBJ.dll
0x000000006d7a0000 - 0x000000006d7af000 	C:\Program Files\Java\jdk1.8.0_65\jre\bin\verify.dll
0x000000006d770000 - 0x000000006d799000 	C:\Program Files\Java\jdk1.8.0_65\jre\bin\java.dll
0x000000006d750000 - 0x000000006d766000 	C:\Program Files\Java\jdk1.8.0_65\jre\bin\zip.dll

VM Arguments:
jvm_args: -Djava.awt.headless=true -Xmx1024M -Dfile.encoding=windows-1252 -Duser.country=US -Duser.language=en -Duser.variant 
java_command: com.android.dx.command.Main --dex --num-threads=4 --output C:\Users\Nilesh Verma\Desktop\amity\TheJaxFoundationV1.0\app\build\intermediates\pre-dexed\debug\internal_impl-23.1.1_eb75e94bab68a101f62d26a6c46c8945d7eb7721.jar C:\Users\Nilesh Verma\Desktop\amity\TheJaxFoundationV1.0\app\build\intermediates\exploded-aar\com.android.support\support-v4\23.1.1\jars\libs\internal_impl-23.1.1.jar
java_class_path (initial): C:\Android\sdk\build-tools\23.0.2\lib\dx.jar
Launcher Type: SUN_STANDARD

Environment Variables:
JAVA_HOME=C:\Program Files\Java\jdk1.8.0_65
PATH=C:\ProgramData\Oracle\Java\javapath;C:\WINDOWS\system32;C:\WINDOWS;C:\WINDOWS\System32\Wbem;C:\WINDOWS\System32\WindowsPowerShell\v1.0\
USERNAME=Nilesh Verma
OS=Windows_NT
PROCESSOR_IDENTIFIER=Intel64 Family 6 Model 69 Stepping 1, GenuineIntel



---------------  S Y S T E M  ---------------

OS: Windows 10.0 , 64 bit Build 10240 (10.0.10240.16384)

CPU:total 4 (2 cores per cpu, 2 threads per core) family 6 model 69 stepping 1, cmov, cx8, fxsr, mmx, sse, sse2, sse3, ssse3, sse4.1, sse4.2, popcnt, avx, avx2, aes, clmul, erms, lzcnt, ht, tsc, tscinvbit, bmi1, bmi2

Memory: 4k page, physical 4104472k(127416k free), swap 16687384k(150232k free)

vm_info: Java HotSpot(TM) 64-Bit Server VM (25.65-b01) for windows-amd64 JRE (1.8.0_65-b17), built on Oct  6 2015 16:39:20 by "java_re" with MS VC++ 10.0 (VS2010)

time: Tue Feb 16 23:03:38 2016
elapsed time: 0 seconds (0d 0h 0m 0s)

